Using pre-set license
Built from '2020.3/staging' branch; Version is '2020.3.11f1 (99c7afb366b3) revision 10078127'; Using compiler version '192528614'; Build Type 'Release'
OS: 'Windows 10 Home; OS build 19043.1110; Version 2009; 64bit' Language: 'zh' Physical Memory: 16335 MB
BatchMode: 1, IsHumanControllingUs: 0, StartBugReporterOnCrash: 0, Is64bit: 1, IsPro: 0

 COMMAND LINE ARGUMENTS:
C:\Program Files\Unity\Hub\Editor\2020.3.11f1\Editor\Unity.exe
-adb2
-batchMode
-noUpm
-name
AssetImportWorker0
-projectPath
D:/dev/UdemyUnityCourse02
-logFile
Logs/AssetImportWorker0.log
-srvPort
3994
Successfully changed project path to: D:/dev/UdemyUnityCourse02
D:/dev/UdemyUnityCourse02
Using Asset Import Pipeline V2.
Refreshing native plugins compatible for Editor in 24.07 ms, found 2 plugins.
Preloading 0 native plugins for Editor in 0.00 ms.
Initialize engine version: 2020.3.11f1 (99c7afb366b3)
[Subsystems] Discovering subsystems at path C:/Program Files/Unity/Hub/Editor/2020.3.11f1/Editor/Data/Resources/UnitySubsystems
[Subsystems] Discovering subsystems at path D:/dev/UdemyUnityCourse02/Assets
GfxDevice: creating device client; threaded=0
Direct3D:
    Version:  Direct3D 11.0 [level 11.1]
    Renderer: NVIDIA GeForce GTX 1060 6GB (ID=0x1c03)
    Vendor:   
    VRAM:     6052 MB
    Driver:   30.0.14.7141
Initialize mono
Mono path[0] = 'C:/Program Files/Unity/Hub/Editor/2020.3.11f1/Editor/Data/Managed'
Mono path[1] = 'C:/Program Files/Unity/Hub/Editor/2020.3.11f1/Editor/Data/MonoBleedingEdge/lib/mono/unityjit'
Mono config path = 'C:/Program Files/Unity/Hub/Editor/2020.3.11f1/Editor/Data/MonoBleedingEdge/etc'
Using monoOptions --debugger-agent=transport=dt_socket,embedding=1,server=y,suspend=n,address=127.0.0.1:56776
Begin MonoManager ReloadAssembly
Registering precompiled unity dll's ...
Register platform support module: C:/Program Files/Unity/Hub/Editor/2020.3.11f1/Editor/Data/PlaybackEngines/WindowsStandaloneSupport/UnityEditor.WindowsStandalone.Extensions.dll
Registered in 0.002020 seconds.
Native extension for WindowsStandalone target not found
Refreshing native plugins compatible for Editor in 22.41 ms, found 2 plugins.
Preloading 0 native plugins for Editor in 0.00 ms.
Mono: successfully reloaded assembly
- Completed reload, in  1.948 seconds
Platform modules already initialized, skipping
Registering precompiled user dll's ...
Registered in 0.002364 seconds.
Begin MonoManager ReloadAssembly
Native extension for WindowsStandalone target not found
Refreshing native plugins compatible for Editor in 0.28 ms, found 2 plugins.
Preloading 0 native plugins for Editor in 0.00 ms.
Mono: successfully reloaded assembly
- Completed reload, in  0.885 seconds
Platform modules already initialized, skipping
========================================================================
Worker process is ready to serve import requests
Launched and connected shader compiler UnityShaderCompiler.exe after 0.04 seconds
Refreshing native plugins compatible for Editor in 0.27 ms, found 2 plugins.
Preloading 0 native plugins for Editor in 0.00 ms.
Unloading 1542 Unused Serialized files (Serialized files now loaded: 0)
System memory in use before: 72.2 MB.
System memory in use after: 72.2 MB.

Unloading 20 unused Assets to reduce memory usage. Loaded Objects now: 1974.
Total: 1.825300 ms (FindLiveObjects: 0.147700 ms CreateObjectMapping: 0.039200 ms MarkObjects: 1.574300 ms  DeleteObjects: 0.063400 ms)

========================================================================
Received Import Request.
  path: Assets/ObstacleDropper.prefab
  artifactKey: Guid(9694169451779494a885c05568e77f2f) Importer(815301076,1909f56bfc062723c751e8b465ee728b)
Start importing Assets/ObstacleDropper.prefab using Guid(9694169451779494a885c05568e77f2f) Importer(815301076,1909f56bfc062723c751e8b465ee728b)  -> (artifact id: 'd5197dedd361f625b12f4b0bd120be94') in 0.085011 seconds
  Import took 0.087042 seconds .

========================================================================
Received Prepare
Registering precompiled user dll's ...
Registered in 0.002384 seconds.
Begin MonoManager ReloadAssembly
Native extension for WindowsStandalone target not found
Refreshing native plugins compatible for Editor in 0.29 ms, found 2 plugins.
Preloading 0 native plugins for Editor in 0.00 ms.
Mono: successfully reloaded assembly
- Completed reload, in  0.855 seconds
Platform modules already initialized, skipping
Refreshing native plugins compatible for Editor in 0.28 ms, found 2 plugins.
Preloading 0 native plugins for Editor in 0.00 ms.
Unloading 1535 Unused Serialized files (Serialized files now loaded: 0)
System memory in use before: 75.1 MB.
System memory in use after: 75.2 MB.

Unloading 15 unused Assets to reduce memory usage. Loaded Objects now: 1984.
Total: 1.787300 ms (FindLiveObjects: 0.154100 ms CreateObjectMapping: 0.044000 ms MarkObjects: 1.547900 ms  DeleteObjects: 0.040400 ms)

========================================================================
Received Import Request.
  Time since last request: 72.338163 seconds.
  path: Assets/Obstacle.prefab
  artifactKey: Guid(ebbf4b9f924218547a072c765d713fd9) Importer(815301076,1909f56bfc062723c751e8b465ee728b)
Start importing Assets/Obstacle.prefab using Guid(ebbf4b9f924218547a072c765d713fd9) Importer(815301076,1909f56bfc062723c751e8b465ee728b)  -> (artifact id: 'ba68cd285a4a2b671de74d295ba6b1da') in 0.046088 seconds
  Import took 0.048941 seconds .

========================================================================
Received Prepare
Registering precompiled user dll's ...
Registered in 0.002332 seconds.
Begin MonoManager ReloadAssembly
Native extension for WindowsStandalone target not found
Refreshing native plugins compatible for Editor in 0.29 ms, found 2 plugins.
Preloading 0 native plugins for Editor in 0.00 ms.
Mono: successfully reloaded assembly
- Completed reload, in  0.838 seconds
Platform modules already initialized, skipping
Refreshing native plugins compatible for Editor in 0.28 ms, found 2 plugins.
Preloading 0 native plugins for Editor in 0.00 ms.
Unloading 1535 Unused Serialized files (Serialized files now loaded: 0)
System memory in use before: 75.1 MB.
System memory in use after: 75.2 MB.

Unloading 15 unused Assets to reduce memory usage. Loaded Objects now: 1987.
Total: 1.786900 ms (FindLiveObjects: 0.150100 ms CreateObjectMapping: 0.038500 ms MarkObjects: 1.557300 ms  DeleteObjects: 0.040200 ms)

========================================================================
Received Prepare
Registering precompiled user dll's ...
Registered in 0.005001 seconds.
Begin MonoManager ReloadAssembly
Native extension for WindowsStandalone target not found
Refreshing native plugins compatible for Editor in 0.29 ms, found 2 plugins.
Preloading 0 native plugins for Editor in 0.00 ms.
Mono: successfully reloaded assembly
- Completed reload, in  0.860 seconds
Platform modules already initialized, skipping
Refreshing native plugins compatible for Editor in 0.43 ms, found 2 plugins.
Preloading 0 native plugins for Editor in 0.00 ms.
Unloading 1535 Unused Serialized files (Serialized files now loaded: 0)
System memory in use before: 75.2 MB.
System memory in use after: 75.2 MB.

Unloading 15 unused Assets to reduce memory usage. Loaded Objects now: 1989.
Total: 1.678100 ms (FindLiveObjects: 0.138500 ms CreateObjectMapping: 0.043400 ms MarkObjects: 1.443800 ms  DeleteObjects: 0.051500 ms)

========================================================================
Received Import Request.
  Time since last request: 188.624574 seconds.
  path: Assets/ObjectHit.cs
  artifactKey: Guid(095ff2e533715e24090b0886ef13f6cb) Importer(815301076,1909f56bfc062723c751e8b465ee728b)
Start importing Assets/ObjectHit.cs using Guid(095ff2e533715e24090b0886ef13f6cb) Importer(815301076,1909f56bfc062723c751e8b465ee728b)  -> (artifact id: '6d8519fbff5b3141e2204d8ebefa453d') in 0.013435 seconds
  Import took 0.015582 seconds .

========================================================================
Received Prepare
Registering precompiled user dll's ...
Registered in 0.002309 seconds.
Begin MonoManager ReloadAssembly
Native extension for WindowsStandalone target not found
Refreshing native plugins compatible for Editor in 0.28 ms, found 2 plugins.
Preloading 0 native plugins for Editor in 0.00 ms.
Mono: successfully reloaded assembly
- Completed reload, in  0.822 seconds
Platform modules already initialized, skipping
Refreshing native plugins compatible for Editor in 0.29 ms, found 2 plugins.
Preloading 0 native plugins for Editor in 0.00 ms.
Unloading 1535 Unused Serialized files (Serialized files now loaded: 0)
System memory in use before: 75.2 MB.
System memory in use after: 75.2 MB.

Unloading 15 unused Assets to reduce memory usage. Loaded Objects now: 1991.
Total: 1.819900 ms (FindLiveObjects: 0.148200 ms CreateObjectMapping: 0.039300 ms MarkObjects: 1.586400 ms  DeleteObjects: 0.045200 ms)

========================================================================
Received Import Request.
  Time since last request: 86.752554 seconds.
  path: ProjectSettings/TagManager.asset
  artifactKey: Guid(00000000000000003000000000000000) Importer(815301076,1909f56bfc062723c751e8b465ee728b)
Start importing ProjectSettings/TagManager.asset using Guid(00000000000000003000000000000000) Importer(815301076,1909f56bfc062723c751e8b465ee728b)  -> (artifact id: 'ce6a35c3cddc746e7501c0bd0ed6d4ce') in 0.012774 seconds
  Import took 0.015028 seconds .

========================================================================
Received Import Request.
  Time since last request: 0.000599 seconds.
  path: ProjectSettings/TagManager.asset
  artifactKey: Guid(00000000000000003000000000000000) Importer(815301076,1909f56bfc062723c751e8b465ee728b)
Start importing ProjectSettings/TagManager.asset using Guid(00000000000000003000000000000000) Importer(815301076,1909f56bfc062723c751e8b465ee728b)  -> (artifact id: 'ce6a35c3cddc746e7501c0bd0ed6d4ce') in 0.001484 seconds
  Import took 0.003613 seconds .

========================================================================
Received Prepare
Registering precompiled user dll's ...
Registered in 0.002344 seconds.
Begin MonoManager ReloadAssembly
Native extension for WindowsStandalone target not found
Refreshing native plugins compatible for Editor in 0.28 ms, found 2 plugins.
Preloading 0 native plugins for Editor in 0.00 ms.
Mono: successfully reloaded assembly
- Completed reload, in  0.790 seconds
Platform modules already initialized, skipping
Refreshing native plugins compatible for Editor in 0.27 ms, found 2 plugins.
Preloading 0 native plugins for Editor in 0.00 ms.
Unloading 1535 Unused Serialized files (Serialized files now loaded: 0)
System memory in use before: 75.2 MB.
System memory in use after: 75.3 MB.

Unloading 17 unused Assets to reduce memory usage. Loaded Objects now: 1993.
Total: 1.634300 ms (FindLiveObjects: 0.127300 ms CreateObjectMapping: 0.043600 ms MarkObjects: 1.418600 ms  DeleteObjects: 0.044200 ms)

========================================================================
Received Import Request.
  Time since last request: 11.307457 seconds.
  path: ProjectSettings/TagManager.asset
  artifactKey: Guid(00000000000000003000000000000000) Importer(815301076,1909f56bfc062723c751e8b465ee728b)
Start importing ProjectSettings/TagManager.asset using Guid(00000000000000003000000000000000) Importer(815301076,1909f56bfc062723c751e8b465ee728b)  -> (artifact id: '3aa7b83e4772d00c7bdbb53cf4efee89') in 0.008729 seconds
  Import took 0.010764 seconds .

========================================================================
Received Prepare
Registering precompiled user dll's ...
Registered in 0.002238 seconds.
Begin MonoManager ReloadAssembly
Native extension for WindowsStandalone target not found
Refreshing native plugins compatible for Editor in 0.27 ms, found 2 plugins.
Preloading 0 native plugins for Editor in 0.00 ms.
Mono: successfully reloaded assembly
- Completed reload, in  0.802 seconds
Platform modules already initialized, skipping
Refreshing native plugins compatible for Editor in 0.29 ms, found 2 plugins.
Preloading 0 native plugins for Editor in 0.00 ms.
Unloading 1535 Unused Serialized files (Serialized files now loaded: 0)
System memory in use before: 75.2 MB.
System memory in use after: 75.3 MB.

Unloading 16 unused Assets to reduce memory usage. Loaded Objects now: 1995.
Total: 1.923000 ms (FindLiveObjects: 0.161200 ms CreateObjectMapping: 0.038300 ms MarkObjects: 1.670200 ms  DeleteObjects: 0.052600 ms)

========================================================================
Received Prepare
Registering precompiled user dll's ...
Registered in 0.002350 seconds.
Begin MonoManager ReloadAssembly
Native extension for WindowsStandalone target not found
Refreshing native plugins compatible for Editor in 0.28 ms, found 2 plugins.
Preloading 0 native plugins for Editor in 0.00 ms.
Mono: successfully reloaded assembly
- Completed reload, in  0.795 seconds
Platform modules already initialized, skipping
Refreshing native plugins compatible for Editor in 0.27 ms, found 2 plugins.
Preloading 0 native plugins for Editor in 0.00 ms.
Unloading 1535 Unused Serialized files (Serialized files now loaded: 0)
System memory in use before: 75.2 MB.
System memory in use after: 75.3 MB.

Unloading 15 unused Assets to reduce memory usage. Loaded Objects now: 1997.
Total: 1.759400 ms (FindLiveObjects: 0.141100 ms CreateObjectMapping: 0.044700 ms MarkObjects: 1.531700 ms  DeleteObjects: 0.041200 ms)

========================================================================
Received Prepare
Registering precompiled user dll's ...
Registered in 0.002287 seconds.
Begin MonoManager ReloadAssembly
Native extension for WindowsStandalone target not found
Refreshing native plugins compatible for Editor in 0.29 ms, found 2 plugins.
Preloading 0 native plugins for Editor in 0.00 ms.
Mono: successfully reloaded assembly
- Completed reload, in  0.792 seconds
Platform modules already initialized, skipping
Refreshing native plugins compatible for Editor in 0.28 ms, found 2 plugins.
Preloading 0 native plugins for Editor in 0.00 ms.
Unloading 1535 Unused Serialized files (Serialized files now loaded: 0)
System memory in use before: 75.2 MB.
System memory in use after: 75.3 MB.

Unloading 15 unused Assets to reduce memory usage. Loaded Objects now: 1999.
Total: 1.722600 ms (FindLiveObjects: 0.128400 ms CreateObjectMapping: 0.044900 ms MarkObjects: 1.510700 ms  DeleteObjects: 0.038000 ms)

========================================================================
Received Import Request.
  Time since last request: 517.194549 seconds.
  path: Assets/Spinner.cs
  artifactKey: Guid(7d5a008ea6b464d46899c1a11b0ac92e) Importer(815301076,1909f56bfc062723c751e8b465ee728b)
Start importing Assets/Spinner.cs using Guid(7d5a008ea6b464d46899c1a11b0ac92e) Importer(815301076,1909f56bfc062723c751e8b465ee728b)  -> (artifact id: 'e6589cd6165e80daee349eeefbeb6751') in 0.003741 seconds
  Import took 0.006161 seconds .

========================================================================
Received Prepare
Registering precompiled user dll's ...
Registered in 0.002245 seconds.
Begin MonoManager ReloadAssembly
Native extension for WindowsStandalone target not found
Refreshing native plugins compatible for Editor in 0.27 ms, found 2 plugins.
Preloading 0 native plugins for Editor in 0.00 ms.
Mono: successfully reloaded assembly
- Completed reload, in  0.815 seconds
Platform modules already initialized, skipping
Refreshing native plugins compatible for Editor in 0.31 ms, found 2 plugins.
Preloading 0 native plugins for Editor in 0.00 ms.
Unloading 1536 Unused Serialized files (Serialized files now loaded: 0)
System memory in use before: 75.2 MB.
System memory in use after: 75.3 MB.

Unloading 15 unused Assets to reduce memory usage. Loaded Objects now: 2002.
Total: 1.887600 ms (FindLiveObjects: 0.152200 ms CreateObjectMapping: 0.043600 ms MarkObjects: 1.647500 ms  DeleteObjects: 0.043500 ms)

========================================================================
Received Prepare
Registering precompiled user dll's ...
Registered in 0.002375 seconds.
Begin MonoManager ReloadAssembly
Native extension for WindowsStandalone target not found
Refreshing native plugins compatible for Editor in 0.30 ms, found 2 plugins.
Preloading 0 native plugins for Editor in 0.00 ms.
Mono: successfully reloaded assembly
- Completed reload, in  0.820 seconds
Platform modules already initialized, skipping
Refreshing native plugins compatible for Editor in 0.29 ms, found 2 plugins.
Preloading 0 native plugins for Editor in 0.00 ms.
Unloading 1536 Unused Serialized files (Serialized files now loaded: 0)
System memory in use before: 75.2 MB.
System memory in use after: 75.3 MB.

Unloading 15 unused Assets to reduce memory usage. Loaded Objects now: 2004.
Total: 1.845500 ms (FindLiveObjects: 0.153400 ms CreateObjectMapping: 0.036300 ms MarkObjects: 1.608400 ms  DeleteObjects: 0.046600 ms)

========================================================================
Received Import Request.
  Time since last request: 397.118706 seconds.
  path: Assets/Spinner.cs
  artifactKey: Guid(7d5a008ea6b464d46899c1a11b0ac92e) Importer(815301076,1909f56bfc062723c751e8b465ee728b)
Start importing Assets/Spinner.cs using Guid(7d5a008ea6b464d46899c1a11b0ac92e) Importer(815301076,1909f56bfc062723c751e8b465ee728b)  -> (artifact id: 'd55322bfe6c2a3ab592f834d4d582027') in 0.003311 seconds
  Import took 0.005378 seconds .

========================================================================
Received Prepare
Registering precompiled user dll's ...
Registered in 0.002278 seconds.
Begin MonoManager ReloadAssembly
Native extension for WindowsStandalone target not found
Refreshing native plugins compatible for Editor in 0.28 ms, found 2 plugins.
Preloading 0 native plugins for Editor in 0.00 ms.
Mono: successfully reloaded assembly
- Completed reload, in  0.803 seconds
Platform modules already initialized, skipping
Refreshing native plugins compatible for Editor in 0.28 ms, found 2 plugins.
Preloading 0 native plugins for Editor in 0.00 ms.
Unloading 1536 Unused Serialized files (Serialized files now loaded: 0)
System memory in use before: 75.2 MB.
System memory in use after: 75.3 MB.

Unloading 15 unused Assets to reduce memory usage. Loaded Objects now: 2006.
Total: 1.755900 ms (FindLiveObjects: 0.147800 ms CreateObjectMapping: 0.042400 ms MarkObjects: 1.526300 ms  DeleteObjects: 0.038700 ms)

========================================================================
Received Import Request.
  Time since last request: 17.654281 seconds.
  path: Assets/Spinner.prefab
  artifactKey: Guid(6d8165131e93c7f47bf76c5f1e2799be) Importer(815301076,1909f56bfc062723c751e8b465ee728b)
Start importing Assets/Spinner.prefab using Guid(6d8165131e93c7f47bf76c5f1e2799be) Importer(815301076,1909f56bfc062723c751e8b465ee728b)  -> (artifact id: '4deb20516d602f46bf614f35476848f9') in 0.048845 seconds
  Import took 0.050957 seconds .

========================================================================
Received Prepare
Registering precompiled user dll's ...
Registered in 0.002385 seconds.
Begin MonoManager ReloadAssembly
Native extension for WindowsStandalone target not found
Refreshing native plugins compatible for Editor in 0.27 ms, found 2 plugins.
Preloading 0 native plugins for Editor in 0.00 ms.
Mono: successfully reloaded assembly
- Completed reload, in  0.802 seconds
Platform modules already initialized, skipping
Refreshing native plugins compatible for Editor in 0.29 ms, found 2 plugins.
Preloading 0 native plugins for Editor in 0.00 ms.
Unloading 1536 Unused Serialized files (Serialized files now loaded: 0)
System memory in use before: 75.3 MB.
System memory in use after: 75.3 MB.

Unloading 15 unused Assets to reduce memory usage. Loaded Objects now: 2009.
Total: 1.707100 ms (FindLiveObjects: 0.128900 ms CreateObjectMapping: 0.043000 ms MarkObjects: 1.496800 ms  DeleteObjects: 0.037700 ms)

========================================================================
Received Import Request.
  Time since last request: 27.603351 seconds.
  path: Assets/Spinner.prefab
  artifactKey: Guid(6d8165131e93c7f47bf76c5f1e2799be) Importer(815301076,1909f56bfc062723c751e8b465ee728b)
Start importing Assets/Spinner.prefab using Guid(6d8165131e93c7f47bf76c5f1e2799be) Importer(815301076,1909f56bfc062723c751e8b465ee728b)  -> (artifact id: '53cd835ec7c98a3907d9ac2dbb98b2cf') in 0.043620 seconds
  Import took 0.045895 seconds .

========================================================================
Received Prepare
Registering precompiled user dll's ...
Registered in 0.002411 seconds.
Begin MonoManager ReloadAssembly
Native extension for WindowsStandalone target not found
Refreshing native plugins compatible for Editor in 0.29 ms, found 2 plugins.
Preloading 0 native plugins for Editor in 0.00 ms.
Mono: successfully reloaded assembly
- Completed reload, in  0.802 seconds
Platform modules already initialized, skipping
Refreshing native plugins compatible for Editor in 0.27 ms, found 2 plugins.
Preloading 0 native plugins for Editor in 0.00 ms.
Unloading 1536 Unused Serialized files (Serialized files now loaded: 0)
System memory in use before: 75.3 MB.
System memory in use after: 75.3 MB.

Unloading 15 unused Assets to reduce memory usage. Loaded Objects now: 2012.
Total: 1.733400 ms (FindLiveObjects: 0.122300 ms CreateObjectMapping: 0.039600 ms MarkObjects: 1.530000 ms  DeleteObjects: 0.040900 ms)

========================================================================
Received Import Request.
  Time since last request: 103.641288 seconds.
  path: Assets/Scripts
  artifactKey: Guid(b6687423956da6f4a9e2475ac88cb45c) Importer(815301076,1909f56bfc062723c751e8b465ee728b)
Start importing Assets/Scripts using Guid(b6687423956da6f4a9e2475ac88cb45c) Importer(815301076,1909f56bfc062723c751e8b465ee728b)  -> (artifact id: '6fbc017e404b31f90e081abbca52b863') in 0.002993 seconds
  Import took 0.004900 seconds .

========================================================================
Received Import Request.
  Time since last request: 0.184763 seconds.
  path: Assets/Mover.cs
  artifactKey: Guid(0f5c018fa59c5f844a1885d8a4508db1) Importer(815301076,1909f56bfc062723c751e8b465ee728b)
Start importing Assets/Mover.cs using Guid(0f5c018fa59c5f844a1885d8a4508db1) Importer(815301076,1909f56bfc062723c751e8b465ee728b)  -> (artifact id: 'cda8b0e9c70458d3887002e159aea507') in 0.001097 seconds
  Import took 0.003146 seconds .

========================================================================
Received Import Request.
  Time since last request: 0.004626 seconds.
  path: Assets/Mover.cs
  artifactKey: Guid(0f5c018fa59c5f844a1885d8a4508db1) Importer(815301076,1909f56bfc062723c751e8b465ee728b)
Start importing Assets/Mover.cs using Guid(0f5c018fa59c5f844a1885d8a4508db1) Importer(815301076,1909f56bfc062723c751e8b465ee728b)  -> (artifact id: 'cda8b0e9c70458d3887002e159aea507') in 0.001207 seconds
  Import took 0.003257 seconds .

========================================================================
Received Import Request.
  Time since last request: 0.266699 seconds.
  path: Assets/ObjectHit.cs
  artifactKey: Guid(095ff2e533715e24090b0886ef13f6cb) Importer(815301076,1909f56bfc062723c751e8b465ee728b)
Start importing Assets/ObjectHit.cs using Guid(095ff2e533715e24090b0886ef13f6cb) Importer(815301076,1909f56bfc062723c751e8b465ee728b)  -> (artifact id: '532a8eca199d246abbc33085d8af5879') in 0.001103 seconds
  Import took 0.003315 seconds .

========================================================================
Received Import Request.
  Time since last request: 0.000832 seconds.
  path: Assets/ObjectHit.cs
  artifactKey: Guid(095ff2e533715e24090b0886ef13f6cb) Importer(815301076,1909f56bfc062723c751e8b465ee728b)
Start importing Assets/ObjectHit.cs using Guid(095ff2e533715e24090b0886ef13f6cb) Importer(815301076,1909f56bfc062723c751e8b465ee728b)  -> (artifact id: '532a8eca199d246abbc33085d8af5879') in 0.001149 seconds
  Import took 0.003162 seconds .

========================================================================
Received Prepare
Registering precompiled user dll's ...
Registered in 0.002256 seconds.
Begin MonoManager ReloadAssembly
Native extension for WindowsStandalone target not found
Refreshing native plugins compatible for Editor in 0.30 ms, found 2 plugins.
Preloading 0 native plugins for Editor in 0.00 ms.
Mono: successfully reloaded assembly
- Completed reload, in  0.839 seconds
Platform modules already initialized, skipping
Refreshing native plugins compatible for Editor in 0.30 ms, found 2 plugins.
Preloading 0 native plugins for Editor in 0.00 ms.
Unloading 1536 Unused Serialized files (Serialized files now loaded: 0)
System memory in use before: 75.3 MB.
System memory in use after: 75.3 MB.

Unloading 15 unused Assets to reduce memory usage. Loaded Objects now: 2014.
Total: 2.003600 ms (FindLiveObjects: 0.163200 ms CreateObjectMapping: 0.060200 ms MarkObjects: 1.725100 ms  DeleteObjects: 0.054000 ms)

========================================================================
Received Import Request.
  Time since last request: 63.622955 seconds.
  path: Assets/Materials
  artifactKey: Guid(f12f8437b2aa73741bdca7073222deac) Importer(815301076,1909f56bfc062723c751e8b465ee728b)
Start importing Assets/Materials using Guid(f12f8437b2aa73741bdca7073222deac) Importer(815301076,1909f56bfc062723c751e8b465ee728b)  -> (artifact id: '8d45f9216109ffd4c019b1fd3a90be23') in 0.003304 seconds
  Import took 0.005705 seconds .

========================================================================
Received Import Request.
  Time since last request: 10.037751 seconds.
  path: Assets/Prefab
  artifactKey: Guid(90e7b440d0c11ec46a8c27241c7b5a24) Importer(815301076,1909f56bfc062723c751e8b465ee728b)
Start importing Assets/Prefab using Guid(90e7b440d0c11ec46a8c27241c7b5a24) Importer(815301076,1909f56bfc062723c751e8b465ee728b)  -> (artifact id: 'b140a2fbf3b6710b8d42562fe60f6a3b') in 0.001286 seconds
  Import took 0.003460 seconds .

========================================================================
Received Import Request.
  Time since last request: 1.439211 seconds.
  path: Assets/Obstacle.prefab
  artifactKey: Guid(ebbf4b9f924218547a072c765d713fd9) Importer(815301076,1909f56bfc062723c751e8b465ee728b)
Start importing Assets/Obstacle.prefab using Guid(ebbf4b9f924218547a072c765d713fd9) Importer(815301076,1909f56bfc062723c751e8b465ee728b)  -> (artifact id: '6e49efa2f4eee0159b08a68b5aaf708f') in 0.042324 seconds
  Import took 0.044475 seconds .

========================================================================
Received Import Request.
  Time since last request: 0.022799 seconds.
  path: Assets/Obstacle.prefab
  artifactKey: Guid(ebbf4b9f924218547a072c765d713fd9) Importer(815301076,1909f56bfc062723c751e8b465ee728b)
Start importing Assets/Obstacle.prefab using Guid(ebbf4b9f924218547a072c765d713fd9) Importer(815301076,1909f56bfc062723c751e8b465ee728b)  -> (artifact id: '6e49efa2f4eee0159b08a68b5aaf708f') in 0.006319 seconds
  Import took 0.008568 seconds .

========================================================================
Received Prepare
Registering precompiled user dll's ...
Registered in 0.002334 seconds.
Begin MonoManager ReloadAssembly
Native extension for WindowsStandalone target not found
Refreshing native plugins compatible for Editor in 0.29 ms, found 2 plugins.
Preloading 0 native plugins for Editor in 0.00 ms.
Mono: successfully reloaded assembly
- Completed reload, in  0.809 seconds
Platform modules already initialized, skipping
Refreshing native plugins compatible for Editor in 0.27 ms, found 2 plugins.
Preloading 0 native plugins for Editor in 0.00 ms.
Unloading 1536 Unused Serialized files (Serialized files now loaded: 0)
System memory in use before: 75.3 MB.
System memory in use after: 75.4 MB.

Unloading 15 unused Assets to reduce memory usage. Loaded Objects now: 2017.
Total: 1.562600 ms (FindLiveObjects: 0.118800 ms CreateObjectMapping: 0.035700 ms MarkObjects: 1.365700 ms  DeleteObjects: 0.041600 ms)

========================================================================
Received Prepare
Registering precompiled user dll's ...
Registered in 0.002295 seconds.
Begin MonoManager ReloadAssembly
Native extension for WindowsStandalone target not found
Refreshing native plugins compatible for Editor in 0.28 ms, found 2 plugins.
Preloading 0 native plugins for Editor in 0.00 ms.
Mono: successfully reloaded assembly
- Completed reload, in  0.810 seconds
Platform modules already initialized, skipping
Refreshing native plugins compatible for Editor in 0.27 ms, found 2 plugins.
Preloading 0 native plugins for Editor in 0.00 ms.
Unloading 1536 Unused Serialized files (Serialized files now loaded: 0)
System memory in use before: 75.3 MB.
System memory in use after: 75.4 MB.

Unloading 15 unused Assets to reduce memory usage. Loaded Objects now: 2019.
Total: 1.828800 ms (FindLiveObjects: 0.134500 ms CreateObjectMapping: 0.041500 ms MarkObjects: 1.604200 ms  DeleteObjects: 0.047400 ms)

========================================================================
Received Import Request.
  Time since last request: 384.164549 seconds.
  path: Assets/Ramp.prefab
  artifactKey: Guid(0697ca86ca085944bbf0452f64935d84) Importer(815301076,1909f56bfc062723c751e8b465ee728b)
Start importing Assets/Ramp.prefab using Guid(0697ca86ca085944bbf0452f64935d84) Importer(815301076,1909f56bfc062723c751e8b465ee728b)  -> (artifact id: 'ffc8f679bbfc0b22706c82f25cbefabd') in 0.044529 seconds
  Import took 0.046691 seconds .

========================================================================
Received Import Request.
  Time since last request: 0.197622 seconds.
  path: Assets/Roller.prefab
  artifactKey: Guid(204cb592e03805c4aa5bfadabb94f9d0) Importer(815301076,1909f56bfc062723c751e8b465ee728b)
Start importing Assets/Roller.prefab using Guid(204cb592e03805c4aa5bfadabb94f9d0) Importer(815301076,1909f56bfc062723c751e8b465ee728b)  -> (artifact id: 'd97d0713d595c0a37f236c1b18519e62') in 0.006542 seconds
  Import took 0.008742 seconds .

========================================================================
Received Import Request.
  Time since last request: 33.953866 seconds.
  path: Assets/Prefab/Start.prefab
  artifactKey: Guid(fa3e14edc4d7e9b4394d2badfe00cd71) Importer(815301076,1909f56bfc062723c751e8b465ee728b)
Start importing Assets/Prefab/Start.prefab using Guid(fa3e14edc4d7e9b4394d2badfe00cd71) Importer(815301076,1909f56bfc062723c751e8b465ee728b)  -> (artifact id: 'ff4f9adf68ea86e1b1936d367b7e2815') in 0.006021 seconds
  Import took 0.008219 seconds .

========================================================================
Received Import Request.
  Time since last request: 1.265660 seconds.
  path: Assets/Prefab/Finish.prefab
  artifactKey: Guid(a34c67fa10d435046bb897f5cd72cd7a) Importer(815301076,1909f56bfc062723c751e8b465ee728b)
Start importing Assets/Prefab/Finish.prefab using Guid(a34c67fa10d435046bb897f5cd72cd7a) Importer(815301076,1909f56bfc062723c751e8b465ee728b)  -> (artifact id: '423d9db3448b1bdfc9951916cfa861b2') in 0.006107 seconds
  Import took 0.008282 seconds .

========================================================================
Received Import Request.
  Time since last request: 203.339892 seconds.
  path: Assets/Prefabs/Evironment.prefab
  artifactKey: Guid(eaa2f9b204b5e584a90b2824c1b7a9d1) Importer(815301076,1909f56bfc062723c751e8b465ee728b)
Start importing Assets/Prefabs/Evironment.prefab using Guid(eaa2f9b204b5e584a90b2824c1b7a9d1) Importer(815301076,1909f56bfc062723c751e8b465ee728b)  -> (artifact id: '7d94a309418b0427e4b4bf416463ea1d') in 0.010072 seconds
  Import took 0.012308 seconds .

========================================================================
Received Import Request.
  Time since last request: 118.694111 seconds.
  path: Assets/Prefabs/Evironment.prefab
  artifactKey: Guid(eaa2f9b204b5e584a90b2824c1b7a9d1) Importer(815301076,1909f56bfc062723c751e8b465ee728b)
Start importing Assets/Prefabs/Evironment.prefab using Guid(eaa2f9b204b5e584a90b2824c1b7a9d1) Importer(815301076,1909f56bfc062723c751e8b465ee728b)  -> (artifact id: '748c5ca8922f661dbddd1aee806aed6e') in 0.009289 seconds
  Import took 0.011895 seconds .

========================================================================
Received Import Request.
  Time since last request: 0.002215 seconds.
  path: Assets/Prefabs/Evironment.prefab
  artifactKey: Guid(eaa2f9b204b5e584a90b2824c1b7a9d1) Importer(815301076,1909f56bfc062723c751e8b465ee728b)
Start importing Assets/Prefabs/Evironment.prefab using Guid(eaa2f9b204b5e584a90b2824c1b7a9d1) Importer(815301076,1909f56bfc062723c751e8b465ee728b)  -> (artifact id: '748c5ca8922f661dbddd1aee806aed6e') in 0.009484 seconds
  Import took 0.011698 seconds .

========================================================================
Received Import Request.
  Time since last request: 72.417913 seconds.
  path: Assets/Prefabs/Player (Spooky).prefab
  artifactKey: Guid(8211582ca54dd00489c314dcea2bef46) Importer(815301076,1909f56bfc062723c751e8b465ee728b)
Start importing Assets/Prefabs/Player (Spooky).prefab using Guid(8211582ca54dd00489c314dcea2bef46) Importer(815301076,1909f56bfc062723c751e8b465ee728b)  -> (artifact id: '7bad6d01225dc31431838c2cf09c4d9f') in 0.007549 seconds
  Import took 0.010559 seconds .

========================================================================
Received Prepare
Registering precompiled user dll's ...
Registered in 0.002254 seconds.
Begin MonoManager ReloadAssembly
Native extension for WindowsStandalone target not found
Refreshing native plugins compatible for Editor in 0.29 ms, found 2 plugins.
Preloading 0 native plugins for Editor in 0.00 ms.
Mono: successfully reloaded assembly
- Completed reload, in  0.800 seconds
Platform modules already initialized, skipping
Refreshing native plugins compatible for Editor in 0.27 ms, found 2 plugins.
Preloading 0 native plugins for Editor in 0.00 ms.
Unloading 1536 Unused Serialized files (Serialized files now loaded: 0)
System memory in use before: 75.4 MB.
System memory in use after: 75.5 MB.

Unloading 16 unused Assets to reduce memory usage. Loaded Objects now: 2024.
Total: 1.662600 ms (FindLiveObjects: 0.126300 ms CreateObjectMapping: 0.040700 ms MarkObjects: 1.454700 ms  DeleteObjects: 0.040300 ms)

========================================================================
Received Import Request.
  Time since last request: 129.792074 seconds.
  path: Assets/Prefabs/ObstacleDropper.prefab
  artifactKey: Guid(9694169451779494a885c05568e77f2f) Importer(815301076,1909f56bfc062723c751e8b465ee728b)
Start importing Assets/Prefabs/ObstacleDropper.prefab using Guid(9694169451779494a885c05568e77f2f) Importer(815301076,1909f56bfc062723c751e8b465ee728b)  -> (artifact id: '39b7e8834ffb506f62195183bc8bab84') in 0.043744 seconds
  Import took 0.046219 seconds .

========================================================================
Received Import Request.
  Time since last request: 10.806494 seconds.
  path: Assets/Prefabs/ObstacleDropper.prefab
  artifactKey: Guid(9694169451779494a885c05568e77f2f) Importer(815301076,1909f56bfc062723c751e8b465ee728b)
Start importing Assets/Prefabs/ObstacleDropper.prefab using Guid(9694169451779494a885c05568e77f2f) Importer(815301076,1909f56bfc062723c751e8b465ee728b)  -> (artifact id: 'fc7592d02c4d47b3ab0790f4a7d1c53b') in 0.006630 seconds
  Import took 0.008983 seconds .

========================================================================
Received Import Request.
  Time since last request: 0.000996 seconds.
  path: Assets/Prefabs/ObstacleDropper.prefab
  artifactKey: Guid(9694169451779494a885c05568e77f2f) Importer(815301076,1909f56bfc062723c751e8b465ee728b)
Start importing Assets/Prefabs/ObstacleDropper.prefab using Guid(9694169451779494a885c05568e77f2f) Importer(815301076,1909f56bfc062723c751e8b465ee728b)  -> (artifact id: 'fc7592d02c4d47b3ab0790f4a7d1c53b') in 0.006231 seconds
  Import took 0.008542 seconds .

========================================================================
Received Import Request.
  Time since last request: 0.284824 seconds.
  path: Assets/Prefabs/Obstacle.prefab
  artifactKey: Guid(ebbf4b9f924218547a072c765d713fd9) Importer(815301076,1909f56bfc062723c751e8b465ee728b)
Start importing Assets/Prefabs/Obstacle.prefab using Guid(ebbf4b9f924218547a072c765d713fd9) Importer(815301076,1909f56bfc062723c751e8b465ee728b)  -> (artifact id: 'fd6243282fdd78bb173cd41f26cd6909') in 0.010369 seconds
  Import took 0.012604 seconds .

========================================================================
Received Import Request.
  Time since last request: 0.000600 seconds.
  path: Assets/Prefabs/Obstacle.prefab
  artifactKey: Guid(ebbf4b9f924218547a072c765d713fd9) Importer(815301076,1909f56bfc062723c751e8b465ee728b)
Start importing Assets/Prefabs/Obstacle.prefab using Guid(ebbf4b9f924218547a072c765d713fd9) Importer(815301076,1909f56bfc062723c751e8b465ee728b)  -> (artifact id: 'fd6243282fdd78bb173cd41f26cd6909') in 0.005366 seconds
  Import took 0.007440 seconds .

========================================================================
Received Import Request.
  Time since last request: 78.823235 seconds.
  path: Assets/Prefabs
  artifactKey: Guid(90e7b440d0c11ec46a8c27241c7b5a24) Importer(815301076,1909f56bfc062723c751e8b465ee728b)
Start importing Assets/Prefabs using Guid(90e7b440d0c11ec46a8c27241c7b5a24) Importer(815301076,1909f56bfc062723c751e8b465ee728b)  -> (artifact id: '5143ecffef5c54cf69685932ce5222b3') in 0.001234 seconds
  Import took 0.004199 seconds .

========================================================================
Received Prepare
Registering precompiled user dll's ...
Registered in 0.002352 seconds.
Begin MonoManager ReloadAssembly
Native extension for WindowsStandalone target not found
Refreshing native plugins compatible for Editor in 0.28 ms, found 2 plugins.
Preloading 0 native plugins for Editor in 0.00 ms.
Mono: successfully reloaded assembly
- Completed reload, in  0.803 seconds
Platform modules already initialized, skipping
Refreshing native plugins compatible for Editor in 0.27 ms, found 2 plugins.
Preloading 0 native plugins for Editor in 0.00 ms.
Unloading 1536 Unused Serialized files (Serialized files now loaded: 0)
System memory in use before: 75.4 MB.
System memory in use after: 75.5 MB.

Unloading 15 unused Assets to reduce memory usage. Loaded Objects now: 2027.
Total: 1.743500 ms (FindLiveObjects: 0.123400 ms CreateObjectMapping: 0.039700 ms MarkObjects: 1.539200 ms  DeleteObjects: 0.040400 ms)

========================================================================
Received Prepare
Registering precompiled user dll's ...
Registered in 0.002270 seconds.
Begin MonoManager ReloadAssembly
Native extension for WindowsStandalone target not found
Refreshing native plugins compatible for Editor in 0.29 ms, found 2 plugins.
Preloading 0 native plugins for Editor in 0.00 ms.
Mono: successfully reloaded assembly
- Completed reload, in  0.825 seconds
Platform modules already initialized, skipping
Refreshing native plugins compatible for Editor in 0.37 ms, found 2 plugins.
Preloading 0 native plugins for Editor in 0.00 ms.
Unloading 1536 Unused Serialized files (Serialized files now loaded: 0)
System memory in use before: 75.4 MB.
System memory in use after: 75.5 MB.

Unloading 15 unused Assets to reduce memory usage. Loaded Objects now: 2029.
Total: 1.832500 ms (FindLiveObjects: 0.164400 ms CreateObjectMapping: 0.044000 ms MarkObjects: 1.577800 ms  DeleteObjects: 0.045500 ms)

========================================================================
Received Prepare
Registering precompiled user dll's ...
Registered in 0.002287 seconds.
Begin MonoManager ReloadAssembly
Native extension for WindowsStandalone target not found
Refreshing native plugins compatible for Editor in 0.28 ms, found 2 plugins.
Preloading 0 native plugins for Editor in 0.00 ms.
Mono: successfully reloaded assembly
- Completed reload, in  0.789 seconds
Platform modules already initialized, skipping
Refreshing native plugins compatible for Editor in 0.27 ms, found 2 plugins.
Preloading 0 native plugins for Editor in 0.00 ms.
Unloading 1536 Unused Serialized files (Serialized files now loaded: 0)
System memory in use before: 75.4 MB.
System memory in use after: 75.5 MB.

Unloading 15 unused Assets to reduce memory usage. Loaded Objects now: 2031.
Total: 1.714500 ms (FindLiveObjects: 0.124400 ms CreateObjectMapping: 0.039300 ms MarkObjects: 1.510700 ms  DeleteObjects: 0.039500 ms)

========================================================================
Received Prepare
Registering precompiled user dll's ...
Registered in 0.002313 seconds.
Begin MonoManager ReloadAssembly
Native extension for WindowsStandalone target not found
Refreshing native plugins compatible for Editor in 0.27 ms, found 2 plugins.
Preloading 0 native plugins for Editor in 0.00 ms.
Mono: successfully reloaded assembly
- Completed reload, in  0.808 seconds
Platform modules already initialized, skipping
Refreshing native plugins compatible for Editor in 0.29 ms, found 2 plugins.
Preloading 0 native plugins for Editor in 0.00 ms.
Unloading 1536 Unused Serialized files (Serialized files now loaded: 0)
System memory in use before: 75.4 MB.
System memory in use after: 75.5 MB.

Unloading 15 unused Assets to reduce memory usage. Loaded Objects now: 2033.
Total: 1.796000 ms (FindLiveObjects: 0.153100 ms CreateObjectMapping: 0.038200 ms MarkObjects: 1.553200 ms  DeleteObjects: 0.050700 ms)

========================================================================
Received Prepare
Registering precompiled user dll's ...
Registered in 0.002292 seconds.
Begin MonoManager ReloadAssembly
Native extension for WindowsStandalone target not found
Refreshing native plugins compatible for Editor in 0.28 ms, found 2 plugins.
Preloading 0 native plugins for Editor in 0.00 ms.
Mono: successfully reloaded assembly
- Completed reload, in  0.812 seconds
Platform modules already initialized, skipping
Refreshing native plugins compatible for Editor in 0.28 ms, found 2 plugins.
Preloading 0 native plugins for Editor in 0.00 ms.
Unloading 1536 Unused Serialized files (Serialized files now loaded: 0)
System memory in use before: 75.4 MB.
System memory in use after: 75.5 MB.

Unloading 15 unused Assets to reduce memory usage. Loaded Objects now: 2035.
Total: 1.809300 ms (FindLiveObjects: 0.150200 ms CreateObjectMapping: 0.040700 ms MarkObjects: 1.574200 ms  DeleteObjects: 0.043500 ms)

========================================================================
Received Prepare
Registering precompiled user dll's ...
Registered in 0.002294 seconds.
Begin MonoManager ReloadAssembly
Native extension for WindowsStandalone target not found
Refreshing native plugins compatible for Editor in 0.28 ms, found 2 plugins.
Preloading 0 native plugins for Editor in 0.00 ms.
Mono: successfully reloaded assembly
- Completed reload, in  0.805 seconds
Platform modules already initialized, skipping
Refreshing native plugins compatible for Editor in 0.28 ms, found 2 plugins.
Preloading 0 native plugins for Editor in 0.00 ms.
Unloading 1536 Unused Serialized files (Serialized files now loaded: 0)
System memory in use before: 75.4 MB.
System memory in use after: 75.5 MB.

Unloading 15 unused Assets to reduce memory usage. Loaded Objects now: 2037.
Total: 1.906400 ms (FindLiveObjects: 0.145900 ms CreateObjectMapping: 0.041400 ms MarkObjects: 1.675500 ms  DeleteObjects: 0.042900 ms)

========================================================================
Received Prepare
Registering precompiled user dll's ...
Registered in 0.002300 seconds.
Begin MonoManager ReloadAssembly
Native extension for WindowsStandalone target not found
Refreshing native plugins compatible for Editor in 0.29 ms, found 2 plugins.
Preloading 0 native plugins for Editor in 0.00 ms.
Mono: successfully reloaded assembly
- Completed reload, in  0.785 seconds
Platform modules already initialized, skipping
Refreshing native plugins compatible for Editor in 0.34 ms, found 2 plugins.
Preloading 0 native plugins for Editor in 0.00 ms.
Unloading 1536 Unused Serialized files (Serialized files now loaded: 0)
System memory in use before: 75.4 MB.
System memory in use after: 75.5 MB.

Unloading 15 unused Assets to reduce memory usage. Loaded Objects now: 2039.
Total: 1.605900 ms (FindLiveObjects: 0.136700 ms CreateObjectMapping: 0.043600 ms MarkObjects: 1.383400 ms  DeleteObjects: 0.041300 ms)

AssetImportWorkerClient::OnTransportError - code=2 error=End of file
